<?xml version="1.0" encoding="UTF-8"?>
<!-- Generated by org.testng.reporters.JUnitReportReporter -->
<testsuite skipped="0" hostname="DESKTOP-HKB541E" name="com.test.FlipkartTC" tests="1" failures="0" timestamp="2020-12-19T17:33:24 IST" time="15.591" errors="0">
  <testcase name="LoginToFlipkart" time="15.591" classname="com.test.FlipkartTC"/>
  <system-out/>
</testsuite> <!-- com.test.FlipkartTC -->
